This is XeTeX, Version 3.14159265-2.6-0.999991 (TeX Live 2019) (preloaded format=xelatex 2019.5.8)  24 AUG 2019 11:58
entering extended mode
 restricted \write18 enabled.
 %&-line parsing enabled.
**resume/education.tex
(./resume/education.tex
LaTeX2e <2018-12-01>
! Undefined control sequence.
l.4 \cvsection
              {Education}
? 

! LaTeX Error: Missing \begin{document}.

See the LaTeX manual or LaTeX Companion for explanation.
Type  H <return>  for immediate help.
 ...                                              
                                                  
l.4 \cvsection{E
                ducation}
? 
! Interruption.
\GenericError  ...                                
                                                  \endgroup 
l.4 \cvsection{E
                ducation}
? 
Missing character: There is no E in font nullfont!
Missing character: There is no d in font nullfont!
Missing character: There is no u in font nullfont!
Missing character: There is no c in font nullfont!
Missing character: There is no a in font nullfont!
Missing character: There is no t in font nullfont!
Missing character: There is no i in font nullfont!
Missing character: There is no o in font nullfont!
Missing character: There is no n in font nullfont!

Overfull \hbox (20.0pt too wide) in paragraph at lines 4--5
[] 
 []


! LaTeX Error: Environment cventries undefined.

See the LaTeX manual or LaTeX Companion for explanation.
Type  H <return>  for immediate help.
 ...                                              
                                                  
l.9 \begin{cventries}
                     
? 
! Undefined control sequence.
l.12   \cventry
               
? 
! Emergency stop.
l.12   \cventry
               
End of file on the terminal!

 
Here is how much of TeX's memory you used:
 5 strings out of 492916
 71 string characters out of 6133346
 64431 words of memory out of 5000000
 4159 multiletter control sequences out of 15000+600000
 3640 words of font info for 14 fonts, out of 8000000 for 9000
 1348 hyphenation exceptions out of 8191
 5i,0n,4p,103b,16s stack positions out of 5000i,500n,10000p,200000b,80000s
No pages of output.
